<?xml version="1.0" encoding="UTF-8"?>
<!-- Generated by org.testng.reporters.JUnitReportReporter -->
<testsuite hostname="Lenovo-PC" failures="0" tests="1" name="TestCases.SignupPage" time="45.806" errors="0" timestamp="2022-04-05T10:00:48 IST" skipped="0">
  <testcase classname="TestCases.SignupPage" name="signupdetails" time="45.806"/>
  <system-out/>
</testsuite> <!-- TestCases.SignupPage -->
