<?xml version="1.0" encoding="UTF-8"?>
<!-- Generated by org.testng.reporters.JUnitReportReporter -->
<testsuite hostname="Lenovo-PC" failures="0" tests="2" name="TestCases.VerifyLogin" time="0.000" errors="0" timestamp="2022-04-02T10:56:38 IST" skipped="2">
  <testcase classname="TestCases.VerifyLogin" name="credentials" time="0.000">
    <skipped/>
  </testcase> <!-- credentials -->
  <system-out/>
  <testcase classname="TestCases.VerifyLogin" name="credentials" time="0.000">
    <skipped/>
  </testcase> <!-- credentials -->
  <system-out/>
</testsuite> <!-- TestCases.VerifyLogin -->
