<?xml version="1.0" encoding="UTF-8"?>
<!-- Generated by org.testng.reporters.JUnitReportReporter -->
<testsuite skipped="0" hostname="Lenovo-PC" name="TestCases.VerifyLogin" tests="2" failures="0" timestamp="2022-04-05T10:02:50 IST" time="36.643" errors="0">
  <testcase name="credentials" time="12.512" classname="TestCases.VerifyLogin"/>
  <system-out/>
  <testcase name="credentials" time="24.131" classname="TestCases.VerifyLogin"/>
  <system-out/>
</testsuite> <!-- TestCases.VerifyLogin -->
