<?xml version="1.0" encoding="UTF-8"?>
<!-- Generated by org.testng.reporters.JUnitReportReporter -->
<testsuite skipped="0" hostname="Lenovo-PC" name="TestCases.SignupPage" tests="1" failures="0" timestamp="2022-04-05T10:02:50 IST" time="67.524" errors="0">
  <testcase name="signupdetails" time="67.524" classname="TestCases.SignupPage"/>
  <system-out/>
</testsuite> <!-- TestCases.SignupPage -->
